TN:
SF:lib\SchemaForm.tsx
FN:71,(anonymous_1)
FN:72,(anonymous_2)
FN:82,(anonymous_3)
FN:91,(anonymous_4)
FN:99,(anonymous_5)
FN:109,(anonymous_6)
FN:110,(anonymous_7)
FN:118,doValidate
FN:139,(anonymous_9)
FN:140,(anonymous_10)
FN:143,(anonymous_11)
FN:145,(anonymous_12)
FN:158,(anonymous_13)
FN:163,(anonymous_14)
FN:170,(anonymous_15)
FN:175,(anonymous_16)
FN:177,(anonymous_17)
FN:185,(anonymous_18)
FN:196,(anonymous_19)
FNF:19
FNH:10
FNDA:7,(anonymous_1)
FNDA:3,(anonymous_2)
FNDA:7,(anonymous_3)
FNDA:0,(anonymous_4)
FNDA:0,(anonymous_5)
FNDA:9,(anonymous_6)
FNDA:2,(anonymous_7)
FNDA:0,doValidate
FNDA:7,(anonymous_9)
FNDA:7,(anonymous_10)
FNDA:0,(anonymous_11)
FNDA:0,(anonymous_12)
FNDA:0,(anonymous_13)
FNDA:0,(anonymous_14)
FNDA:7,(anonymous_15)
FNDA:0,(anonymous_16)
FNDA:0,(anonymous_17)
FNDA:19,(anonymous_18)
FNDA:7,(anonymous_19)
DA:1,3
DA:19,3
DA:20,3
DA:21,3
DA:23,3
DA:33,3
DA:38,3
DA:72,7
DA:73,3
DA:76,7
DA:80,7
DA:82,7
DA:83,7
DA:87,7
DA:88,0
DA:91,0
DA:92,0
DA:95,7
DA:96,0
DA:99,0
DA:100,0
DA:104,7
DA:105,7
DA:108,7
DA:109,9
DA:111,2
DA:112,0
DA:119,0
DA:120,0
DA:121,0
DA:130,0
DA:131,0
DA:132,0
DA:134,0
DA:135,0
DA:138,7
DA:139,7
DA:141,7
DA:142,0
DA:145,0
DA:146,0
DA:147,0
DA:158,7
DA:159,0
DA:160,0
DA:163,0
DA:164,0
DA:165,0
DA:170,7
DA:171,7
DA:172,0
DA:175,0
DA:176,0
DA:177,0
DA:178,0
DA:179,0
DA:182,0
DA:185,19
DA:188,7
DA:194,7
DA:196,7
DA:197,7
DA:198,7
LF:63
LH:32
BRDA:87,0,0,0
BRDA:88,1,0,0
BRDA:88,1,1,0
BRDA:95,2,0,0
BRDA:96,3,0,0
BRDA:96,3,1,0
BRDA:111,4,0,0
BRDA:130,5,0,0
BRDA:141,6,0,0
BRDA:159,7,0,0
BRDA:160,8,0,0
BRDA:160,8,1,0
BRDA:171,9,0,0
BRDA:172,10,0,0
BRDA:172,10,1,0
BRDA:178,11,0,0
BRDA:202,12,0,7
BRDA:202,12,1,7
BRDA:205,13,0,7
BRDA:205,13,1,0
BRF:20
BRH:3
end_of_record
TN:
SF:lib\SchemaItem.tsx
FN:12,(anonymous_1)
FN:16,(anonymous_2)
FN:22,(anonymous_3)
FNF:3
FNH:3
FNDA:17,(anonymous_1)
FNDA:19,(anonymous_2)
FNDA:21,(anonymous_3)
DA:1,3
DA:2,3
DA:3,3
DA:4,3
DA:5,3
DA:6,3
DA:7,3
DA:8,3
DA:9,3
DA:13,17
DA:16,17
DA:17,19
DA:18,19
DA:22,17
DA:23,21
DA:24,21
DA:26,21
DA:28,21
DA:30,8
DA:31,8
DA:34,7
DA:35,7
DA:38,3
DA:39,3
DA:42,3
DA:43,3
DA:46,0
DA:49,21
LF:28
LH:27
BRDA:28,0,0,8
BRDA:28,0,1,7
BRDA:28,0,2,3
BRDA:28,0,3,3
BRDA:28,0,4,0
BRF:5
BRH:4
end_of_record
TN:
SF:lib\context.ts
FN:4,useVJSFContext
FNF:1
FNH:1
FNDA:39,useVJSFContext
DA:2,3
DA:3,3
DA:4,3
DA:11,39
DA:13,39
DA:14,0
DA:16,39
LF:7
LH:6
BRDA:13,0,0,0
BRF:1
BRH:0
end_of_record
TN:
SF:lib\index.ts
FNF:0
FNH:0
DA:1,3
DA:2,3
DA:3,3
DA:4,3
DA:5,3
DA:6,3
DA:8,3
DA:10,3
DA:11,3
LF:9
LH:9
BRF:0
BRH:0
end_of_record
TN:
SF:lib\theme.tsx
FN:32,(anonymous_0)
FN:33,(anonymous_1)
FN:36,(anonymous_2)
FN:41,getWidgets
FN:66,(anonymous_4)
FNF:5
FNH:5
FNDA:6,(anonymous_0)
FNDA:6,(anonymous_1)
FNDA:6,(anonymous_2)
FNDA:16,getWidgets
FNDA:15,(anonymous_4)
DA:1,3
DA:21,3
DA:23,3
DA:25,3
DA:27,3
DA:33,6
DA:35,6
DA:36,6
DA:41,3
DA:45,16
DA:47,16
DA:48,8
DA:49,8
DA:50,0
DA:52,8
DA:53,0
DA:54,0
DA:60,16
DA:61,16
DA:62,1
DA:66,15
DA:67,15
DA:69,15
DA:72,3
LF:24
LH:21
BRDA:36,0,0,6
BRDA:36,0,1,6
BRDA:47,1,0,8
BRDA:49,2,0,0
BRDA:49,3,0,8
BRDA:49,3,1,0
BRDA:52,4,0,0
BRDA:53,5,0,0
BRDA:61,6,0,1
BRF:9
BRH:5
end_of_record
TN:
SF:lib\type.ts
FN:5,(anonymous_0)
FN:128,(anonymous_1)
FN:132,(anonymous_2)
FNF:3
FNH:3
FNDA:3,(anonymous_0)
FNDA:3,(anonymous_1)
FNDA:3,(anonymous_2)
DA:5,3
DA:6,3
DA:7,3
DA:8,3
DA:9,3
DA:10,3
DA:11,3
DA:54,3
DA:83,3
DA:101,3
DA:128,3
DA:129,3
DA:132,3
DA:133,3
DA:134,3
LF:15
LH:15
BRDA:5,0,0,3
BRDA:5,0,1,3
BRDA:128,1,0,3
BRDA:128,1,1,3
BRDA:132,2,0,3
BRDA:132,2,1,3
BRF:6
BRH:6
end_of_record
TN:
SF:lib\utils.ts
FN:9,isObject
FN:13,isEmptyObject
FN:17,hasOwnProperty
FN:30,validateData
FN:40,resolveSchema
FN:49,(anonymous_6)
FN:59,retrieveSchema
FN:99,stubExistingAdditionalProperties
FN:110,(anonymous_9)
FN:151,resolveReference
FN:164,findSchemaDefinition
FN:183,resolveDependencies
FN:208,processDependencies
FN:250,withDependentProperties
FN:260,withDependentSchema
FN:281,(anonymous_16)
FN:295,withExactlyOneSubschema
FN:302,(anonymous_18)
FN:342,mergeSchemas
FN:344,(anonymous_20)
FN:376,getSchemaType
FN:393,(anonymous_22)
FN:425,guessType
FN:443,isConstant
FN:450,isSelect
FN:456,(anonymous_26)
FN:461,isMultiSelect
FN:469,getMatchingOption
FN:488,(anonymous_29)
FN:528,mergeDefaultsWithFormData
FN:533,(anonymous_31)
FN:541,(anonymous_32)
FN:553,getDefaultFormState
FNF:33
FNH:4
FNDA:27,isObject
FNDA:0,isEmptyObject
FNDA:57,hasOwnProperty
FNDA:0,validateData
FNDA:19,resolveSchema
FNDA:0,(anonymous_6)
FNDA:19,retrieveSchema
FNDA:0,stubExistingAdditionalProperties
FNDA:0,(anonymous_9)
FNDA:0,resolveReference
FNDA:0,findSchemaDefinition
FNDA:0,resolveDependencies
FNDA:0,processDependencies
FNDA:0,withDependentProperties
FNDA:0,withDependentSchema
FNDA:0,(anonymous_16)
FNDA:0,withExactlyOneSubschema
FNDA:0,(anonymous_18)
FNDA:0,mergeSchemas
FNDA:0,(anonymous_20)
FNDA:0,getSchemaType
FNDA:0,(anonymous_22)
FNDA:0,guessType
FNDA:0,isConstant
FNDA:0,isSelect
FNDA:0,(anonymous_26)
FNDA:0,isMultiSelect
FNDA:0,getMatchingOption
FNDA:0,(anonymous_29)
FNDA:0,mergeDefaultsWithFormData
FNDA:0,(anonymous_31)
FNDA:0,(anonymous_32)
FNDA:0,getDefaultFormState
DA:1,3
DA:5,3
DA:6,3
DA:7,3
DA:9,3
DA:10,27
DA:13,3
DA:14,0
DA:17,3
DA:22,57
DA:29,3
DA:30,3
DA:31,0
DA:32,0
DA:40,3
DA:41,19
DA:42,0
DA:43,19
DA:44,0
DA:45,0
DA:46,19
DA:47,0
DA:50,0
DA:55,19
DA:59,3
DA:64,19
DA:65,0
DA:67,19
DA:70,19
DA:71,0
DA:72,0
DA:78,0
DA:79,0
DA:80,0
DA:84,19
DA:86,19
DA:88,0
DA:94,19
DA:97,3
DA:99,3
DA:105,0
DA:110,0
DA:111,0
DA:113,0
DA:117,0
DA:118,0
DA:123,0
DA:124,0
DA:126,0
DA:130,0
DA:132,0
DA:135,0
DA:153,0
DA:155,0
DA:157,0
DA:164,3
DA:165,0
DA:166,0
DA:168,0
DA:170,0
DA:172,0
DA:173,0
DA:174,0
DA:176,0
DA:178,0
DA:180,0
DA:189,0
DA:190,0
DA:191,0
DA:195,0
DA:196,0
DA:201,0
DA:215,0
DA:217,0
DA:218,0
DA:221,0
DA:225,0
DA:228,0
DA:229,0
DA:230,0
DA:231,0
DA:232,0
DA:240,0
DA:247,0
DA:251,0
DA:252,0
DA:254,0
DA:257,0
DA:268,0
DA:273,0
DA:275,0
DA:276,0
DA:277,0
DA:278,0
DA:281,0
DA:282,0
DA:286,0
DA:302,0
DA:303,0
DA:304,0
DA:306,0
DA:307,0
DA:308,0
DA:315,0
DA:316,0
DA:319,0
DA:320,0
DA:323,0
DA:326,0
DA:328,0
DA:329,0
DA:330,0
DA:342,3
DA:343,0
DA:344,0
DA:345,0
DA:346,0
DA:347,0
DA:348,0
DA:349,0
DA:359,0
DA:361,0
DA:363,0
DA:376,3
DA:377,0
DA:379,0
DA:380,0
DA:383,0
DA:384,0
DA:387,0
DA:388,0
DA:391,0
DA:392,0
DA:393,0
DA:396,0
DA:425,3
DA:426,0
DA:427,0
DA:428,0
DA:429,0
DA:430,0
DA:431,0
DA:432,0
DA:433,0
DA:434,0
DA:435,0
DA:436,0
DA:437,0
DA:440,0
DA:443,3
DA:444,0
DA:450,3
DA:451,0
DA:452,0
DA:453,0
DA:454,0
DA:455,0
DA:456,0
DA:458,0
DA:461,3
DA:462,0
DA:463,0
DA:465,0
DA:469,3
DA:474,0
DA:475,0
DA:484,0
DA:487,0
DA:488,0
DA:496,0
DA:498,0
DA:500,0
DA:501,0
DA:504,0
DA:507,0
DA:509,0
DA:511,0
DA:516,0
DA:518,0
DA:519,0
DA:521,0
DA:522,0
DA:525,0
DA:528,3
DA:529,0
DA:530,0
DA:531,0
DA:533,0
DA:534,0
DA:535,0
DA:537,0
DA:539,0
DA:540,0
DA:541,0
DA:542,0
DA:546,0
DA:549,0
DA:553,3
DA:559,0
DA:560,0
DA:563,0
DA:572,0
DA:574,0
DA:576,0
DA:577,0
DA:579,0
DA:580,0
DA:582,0
LF:208
LH:35
BRDA:10,0,0,27
BRDA:10,0,1,27
BRDA:10,0,2,27
BRDA:14,1,0,0
BRDA:14,1,1,0
BRDA:40,2,0,0
BRDA:40,3,0,0
BRDA:41,4,0,0
BRDA:41,4,1,19
BRDA:43,5,0,0
BRDA:43,5,1,19
BRDA:46,6,0,0
BRDA:46,6,1,19
BRDA:46,7,0,19
BRDA:46,7,1,0
BRDA:61,8,0,0
BRDA:62,9,0,8
BRDA:64,10,0,0
BRDA:70,11,0,0
BRDA:84,12,0,19
BRDA:84,12,1,0
BRDA:86,13,0,0
BRDA:101,14,0,0
BRDA:102,15,0,0
BRDA:111,16,0,0
BRDA:117,17,0,0
BRDA:117,17,1,0
BRDA:123,18,0,0
BRDA:123,18,1,0
BRDA:164,19,0,0
BRDA:166,20,0,0
BRDA:166,20,1,0
BRDA:173,21,0,0
BRDA:176,22,0,0
BRDA:189,23,0,0
BRDA:190,24,0,0
BRDA:190,24,1,0
BRDA:195,25,0,0
BRDA:217,26,0,0
BRDA:221,27,0,0
BRDA:222,28,0,0
BRDA:222,28,1,0
BRDA:229,29,0,0
BRDA:229,29,1,0
BRDA:231,30,0,0
BRDA:251,31,0,0
BRDA:254,32,0,0
BRDA:254,32,1,0
BRDA:275,33,0,0
BRDA:275,33,1,0
BRDA:277,34,0,0
BRDA:282,35,0,0
BRDA:282,35,1,0
BRDA:303,36,0,0
BRDA:307,37,0,0
BRDA:316,38,0,0
BRDA:316,38,1,0
BRDA:319,39,0,0
BRDA:345,40,0,0
BRDA:345,40,1,0
BRDA:347,41,0,0
BRDA:347,41,1,0
BRDA:347,42,0,0
BRDA:347,42,1,0
BRDA:347,42,2,0
BRDA:349,43,0,0
BRDA:349,43,1,0
BRDA:350,44,0,0
BRDA:350,44,1,0
BRDA:350,44,2,0
BRDA:350,44,3,0
BRDA:350,44,4,0
BRDA:350,44,5,0
BRDA:350,44,6,0
BRDA:379,45,0,0
BRDA:379,46,0,0
BRDA:379,46,1,0
BRDA:383,47,0,0
BRDA:383,48,0,0
BRDA:383,48,1,0
BRDA:387,49,0,0
BRDA:387,50,0,0
BRDA:387,50,1,0
BRDA:387,50,2,0
BRDA:392,51,0,0
BRDA:392,52,0,0
BRDA:392,52,1,0
BRDA:392,52,2,0
BRDA:426,53,0,0
BRDA:426,53,1,0
BRDA:428,54,0,0
BRDA:428,54,1,0
BRDA:430,55,0,0
BRDA:430,55,1,0
BRDA:432,56,0,0
BRDA:432,56,1,0
BRDA:434,57,0,0
BRDA:434,57,1,0
BRDA:436,58,0,0
BRDA:445,59,0,0
BRDA:445,59,1,0
BRDA:445,59,2,0
BRDA:450,60,0,0
BRDA:452,61,0,0
BRDA:452,61,1,0
BRDA:453,62,0,0
BRDA:453,62,1,0
BRDA:455,63,0,0
BRDA:461,64,0,0
BRDA:462,65,0,0
BRDA:462,66,0,0
BRDA:462,66,1,0
BRDA:484,67,0,0
BRDA:484,67,1,0
BRDA:496,68,0,0
BRDA:496,68,1,0
BRDA:500,69,0,0
BRDA:500,69,1,0
BRDA:518,70,0,0
BRDA:521,71,0,0
BRDA:529,72,0,0
BRDA:529,72,1,0
BRDA:530,73,0,0
BRDA:534,74,0,0
BRDA:539,75,0,0
BRDA:539,75,1,0
BRDA:543,76,0,0
BRDA:543,76,1,0
BRDA:559,77,0,0
BRDA:572,78,0,0
BRDA:576,79,0,0
BRDA:576,80,0,0
BRDA:576,80,1,0
BRDA:579,81,0,0
BRDA:579,82,0,0
BRDA:579,82,1,0
BRDA:579,82,2,0
BRDA:582,83,0,0
BRDA:582,83,1,0
BRF:139
BRH:9
end_of_record
TN:
SF:lib\validator.ts
FN:26,toErrorSchema
FN:28,(anonymous_1)
FN:62,transformErrors
FN:73,(anonymous_3)
FN:84,validateFormData
FN:137,createErrorProxy
FN:140,(anonymous_6)
FN:142,(anonymous_7)
FN:165,mergetObjects
FN:168,(anonymous_9)
FNF:10
FNH:0
FNDA:0,toErrorSchema
FNDA:0,(anonymous_1)
FNDA:0,transformErrors
FNDA:0,(anonymous_3)
FNDA:0,validateFormData
FNDA:0,createErrorProxy
FNDA:0,(anonymous_6)
FNDA:0,(anonymous_7)
FNDA:0,mergetObjects
FNDA:0,(anonymous_9)
DA:3,3
DA:27,0
DA:28,0
DA:29,0
DA:30,0
DA:31,0
DA:33,0
DA:34,0
DA:43,0
DA:44,0
DA:45,0
DA:47,0
DA:50,0
DA:51,0
DA:53,0
DA:54,0
DA:58,0
DA:65,0
DA:73,0
DA:74,0
DA:84,3
DA:90,0
DA:93,0
DA:94,0
DA:96,0
DA:98,0
DA:99,0
DA:100,0
DA:105,0
DA:108,0
DA:109,0
DA:127,0
DA:128,0
DA:129,0
DA:130,0
DA:138,0
DA:139,0
DA:141,0
DA:142,0
DA:143,0
DA:144,0
DA:145,0
DA:147,0
DA:153,0
DA:154,0
DA:155,0
DA:156,0
DA:157,0
DA:159,0
DA:165,3
DA:167,0
DA:168,0
DA:169,0
DA:170,0
DA:171,0
DA:172,0
DA:173,0
DA:174,0
DA:176,0
DA:178,0
LF:60
LH:3
BRDA:27,0,0,0
BRDA:29,1,0,0
BRDA:33,2,0,0
BRDA:33,3,0,0
BRDA:33,3,1,0
BRDA:44,4,0,0
BRDA:50,5,0,0
BRDA:50,5,1,0
BRDA:51,6,0,0
BRDA:51,6,1,0
BRDA:53,7,0,0
BRDA:65,8,0,0
BRDA:65,9,0,0
BRDA:65,9,1,0
BRDA:99,10,0,0
BRDA:108,11,0,0
BRDA:141,12,0,0
BRDA:144,13,0,0
BRDA:144,13,1,0
BRDA:144,14,0,0
BRDA:144,14,1,0
BRDA:154,15,0,0
BRDA:165,16,0,0
BRDA:169,17,0,0
BRDA:169,17,1,0
BRDA:171,18,0,0
BRDA:171,18,1,0
BRDA:171,19,0,0
BRDA:171,19,1,0
BRDA:171,19,2,0
BRDA:173,20,0,0
BRDA:173,20,1,0
BRDA:173,21,0,0
BRDA:173,21,1,0
BRDA:173,21,2,0
BRF:35
BRH:0
end_of_record
TN:
SF:lib\fields\ArrayField.tsx
FN:48,(anonymous_0)
FN:50,(anonymous_1)
FN:51,(anonymous_2)
FN:52,(anonymous_3)
FN:53,(anonymous_4)
FN:54,(anonymous_5)
FN:84,(anonymous_6)
FN:87,(anonymous_7)
FN:93,(anonymous_8)
FN:99,(anonymous_9)
FN:105,(anonymous_10)
FN:113,(anonymous_11)
FN:121,(anonymous_12)
FN:132,(anonymous_13)
FN:144,(anonymous_14)
FN:153,(anonymous_15)
FN:154,(anonymous_16)
FN:169,(anonymous_17)
FN:179,(anonymous_18)
FNF:19
FNH:8
FNDA:2,(anonymous_0)
FNDA:0,(anonymous_1)
FNDA:0,(anonymous_2)
FNDA:0,(anonymous_3)
FNDA:0,(anonymous_4)
FNDA:2,(anonymous_5)
FNDA:3,(anonymous_6)
FNDA:0,(anonymous_7)
FNDA:0,(anonymous_8)
FNDA:0,(anonymous_9)
FNDA:0,(anonymous_10)
FNDA:0,(anonymous_11)
FNDA:3,(anonymous_12)
FNDA:2,(anonymous_13)
FNDA:0,(anonymous_14)
FNDA:2,(anonymous_15)
FNDA:2,(anonymous_16)
FNDA:0,(anonymous_17)
FNDA:3,(anonymous_18)
DA:1,3
DA:2,3
DA:3,3
DA:4,3
DA:5,3
DA:7,3
DA:27,3
DA:49,2
DA:50,2
DA:51,2
DA:52,2
DA:53,2
DA:54,2
DA:55,2
DA:56,2
DA:81,3
DA:85,3
DA:86,3
DA:87,3
DA:88,0
DA:89,0
DA:90,0
DA:91,0
DA:93,3
DA:94,0
DA:95,0
DA:96,0
DA:97,0
DA:99,3
DA:100,0
DA:101,0
DA:102,0
DA:103,0
DA:105,3
DA:106,0
DA:107,0
DA:108,0
DA:109,0
DA:110,0
DA:111,0
DA:113,3
DA:114,0
DA:115,0
DA:116,0
DA:117,0
DA:118,0
DA:119,0
DA:121,3
DA:122,3
DA:123,3
DA:124,3
DA:126,3
DA:128,3
DA:129,3
DA:130,1
DA:131,1
DA:132,1
DA:133,2
DA:134,2
DA:137,2
DA:145,0
DA:150,2
DA:152,1
DA:153,1
DA:154,4
DA:170,0
DA:178,1
DA:179,3
DA:183,1
LF:69
LH:43
BRDA:74,0,0,2
BRDA:74,0,1,2
BRDA:89,1,0,0
BRDA:89,1,1,0
BRDA:95,2,0,0
BRDA:95,2,1,0
BRDA:101,3,0,0
BRDA:101,3,1,0
BRDA:106,4,0,0
BRDA:108,5,0,0
BRDA:108,5,1,0
BRDA:115,6,0,0
BRDA:115,6,1,0
BRDA:116,7,0,0
BRDA:126,8,0,3
BRDA:126,8,1,3
BRDA:129,9,0,1
BRDA:129,9,1,2
BRDA:131,10,0,1
BRDA:131,10,1,0
BRDA:134,11,0,0
BRDA:134,11,1,2
BRDA:135,12,0,0
BRDA:135,12,1,0
BRDA:136,13,0,2
BRDA:136,13,1,2
BRDA:143,14,0,2
BRDA:143,14,1,2
BRDA:150,15,0,1
BRDA:150,15,1,1
BRDA:152,16,0,1
BRDA:152,16,1,0
BRDA:165,17,0,2
BRDA:165,17,1,2
BRDA:167,18,0,2
BRDA:167,18,1,2
BRF:36
BRH:19
end_of_record
TN:
SF:lib\fields\NumberField.tsx
FN:8,(anonymous_0)
FN:9,(anonymous_1)
FN:20,(anonymous_2)
FNF:3
FNH:2
FNDA:5,(anonymous_0)
FNDA:0,(anonymous_1)
FNDA:6,(anonymous_2)
DA:1,3
DA:2,3
DA:3,3
DA:5,3
DA:9,5
DA:10,0
DA:11,0
DA:12,0
DA:13,0
DA:14,0
DA:16,0
DA:19,5
DA:20,4
DA:21,6
DA:22,6
DA:23,6
LF:16
LH:10
BRDA:13,0,0,0
BRDA:13,0,1,0
BRF:2
BRH:0
end_of_record
TN:
SF:lib\fields\ObjectField.tsx
FN:9,(anonymous_0)
FN:12,(anonymous_1)
FN:21,(anonymous_2)
FN:27,(anonymous_3)
FN:35,(anonymous_4)
FNF:5
FNH:5
FNDA:3,(anonymous_0)
FNDA:3,(anonymous_1)
FNDA:5,(anonymous_2)
FNDA:10,(anonymous_3)
FNDA:3,(anonymous_4)
DA:1,3
DA:2,3
DA:3,3
DA:4,3
DA:6,3
DA:11,3
DA:12,3
DA:13,3
DA:14,3
DA:15,1
DA:17,2
DA:19,3
DA:21,3
DA:22,5
DA:23,5
DA:24,5
DA:25,5
DA:27,10
DA:35,3
LF:19
LH:19
BRDA:13,0,0,3
BRDA:13,0,1,0
BRDA:14,1,0,1
BRDA:14,1,1,2
BRDA:24,2,0,5
BRDA:24,2,1,0
BRDA:25,3,0,5
BRDA:25,3,1,0
BRDA:31,4,0,0
BRDA:31,4,1,10
BRDA:31,5,0,0
BRDA:31,5,1,0
BRDA:33,6,0,10
BRDA:33,6,1,10
BRF:14
BRH:8
end_of_record
TN:
SF:lib\fields\StringField.tsx
FN:8,(anonymous_0)
FN:10,(anonymous_1)
FN:15,(anonymous_2)
FN:20,(anonymous_3)
FN:25,(anonymous_4)
FNF:5
FNH:4
FNDA:6,(anonymous_0)
FNDA:0,(anonymous_1)
FNDA:8,(anonymous_2)
FNDA:8,(anonymous_3)
FNDA:8,(anonymous_4)
DA:1,3
DA:2,3
DA:3,3
DA:5,3
DA:10,6
DA:11,0
DA:15,6
DA:16,8
DA:17,8
DA:20,6
DA:21,8
DA:22,8
DA:25,6
DA:26,8
DA:27,8
DA:30,8
LF:16
LH:15
BRF:0
BRH:0
end_of_record
TN:
SF:lib\theme-default\FormItem.tsx
FN:24,(anonymous_0)
FN:26,(anonymous_1)
FN:35,(anonymous_2)
FN:48,withFormItem
FN:52,(anonymous_4)
FN:53,(anonymous_5)
FN:54,(anonymous_6)
FNF:7
FNH:6
FNDA:11,(anonymous_0)
FNDA:15,(anonymous_1)
FNDA:0,(anonymous_2)
FNDA:7,withFormItem
FNDA:11,(anonymous_4)
FNDA:15,(anonymous_5)
FNDA:15,(anonymous_6)
DA:1,3
DA:2,3
DA:4,3
DA:5,3
DA:21,3
DA:25,11
DA:26,11
DA:27,15
DA:28,15
DA:29,15
DA:30,15
DA:35,0
DA:45,3
DA:48,3
DA:49,7
DA:53,11
DA:54,30
LF:17
LH:16
BRDA:33,0,0,15
BRDA:33,0,1,15
BRF:2
BRH:2
end_of_record
TN:
SF:lib\theme-default\NumberWidget.tsx
FN:9,(anonymous_0)
FN:10,(anonymous_1)
FN:15,(anonymous_2)
FNF:3
FNH:2
FNDA:4,(anonymous_0)
FNDA:0,(anonymous_1)
FNDA:6,(anonymous_2)
DA:1,2
DA:2,2
DA:3,2
DA:5,2
DA:10,4
DA:11,0
DA:12,0
DA:13,0
DA:15,4
DA:16,6
DA:17,6
DA:25,2
LF:12
LH:9
BRF:0
BRH:0
end_of_record
TN:
SF:lib\theme-default\SelectionWidget.tsx
FN:9,(anonymous_0)
FN:13,(anonymous_1)
FN:19,(anonymous_2)
FN:20,(anonymous_3)
FN:26,(anonymous_4)
FN:28,(anonymous_5)
FN:30,(anonymous_6)
FNF:7
FNH:4
FNDA:1,(anonymous_0)
FNDA:0,(anonymous_1)
FNDA:1,(anonymous_2)
FNDA:0,(anonymous_3)
FNDA:1,(anonymous_4)
FNDA:0,(anonymous_5)
FNDA:3,(anonymous_6)
DA:1,3
DA:2,3
DA:3,3
DA:5,3
DA:11,1
DA:13,1
DA:14,0
DA:15,0
DA:18,1
DA:19,1
DA:21,0
DA:22,0
DA:26,1
DA:27,1
DA:28,1
DA:29,0
DA:30,3
DA:40,3
LF:18
LH:13
BRDA:14,0,0,0
BRDA:21,1,0,0
BRF:2
BRH:0
end_of_record
TN:
SF:lib\theme-default\TextWidget.tsx
FN:9,(anonymous_0)
FN:10,(anonymous_1)
FN:15,(anonymous_2)
FN:20,(anonymous_3)
FNF:4
FNH:3
FNDA:6,(anonymous_0)
FNDA:0,(anonymous_1)
FNDA:8,(anonymous_2)
FNDA:8,(anonymous_3)
DA:1,2
DA:2,2
DA:3,2
DA:5,2
DA:10,6
DA:11,0
DA:12,0
DA:13,0
DA:15,6
DA:16,8
DA:20,6
DA:21,8
DA:22,8
DA:35,2
LF:14
LH:11
BRDA:17,0,0,8
BRDA:17,0,1,8
BRDA:17,0,2,8
BRF:3
BRH:3
end_of_record
TN:
SF:lib\theme-default\index.tsx
FNF:0
FNH:0
DA:1,2
DA:2,2
DA:3,2
DA:5,2
LF:4
LH:4
BRF:0
BRH:0
end_of_record
TN:
SF:tests\unit\utils\TestCompoenent.tsx
FN:7,(anonymous_7)
FN:8,(anonymous_8)
FN:31,(anonymous_10)
FN:32,(anonymous_11)
FNF:4
FNH:2
FNDA:0,(anonymous_7)
FNDA:0,(anonymous_8)
FNDA:6,(anonymous_10)
FNDA:12,(anonymous_11)
DA:1,2
DA:2,2
DA:3,2
DA:5,2
DA:8,0
DA:16,2
DA:32,12
LF:7
LH:6
BRDA:10,0,0,0
BRDA:10,0,1,0
BRF:2
BRH:0
end_of_record
