TN:
SF:lib\SchemaForm.tsx
FN:22,(anonymous_1)
FN:23,(anonymous_2)
FN:33,(anonymous_3)
FNF:3
FNH:3
FNDA:7,(anonymous_1)
FNDA:4,(anonymous_2)
FNDA:7,(anonymous_3)
DA:1,3
DA:3,3
DA:5,3
DA:7,3
DA:23,7
DA:24,4
DA:27,7
DA:31,7
DA:33,7
DA:34,7
DA:35,7
LF:11
LH:11
BRF:0
BRH:0
end_of_record
TN:
SF:lib\SchemaItem.tsx
FN:11,(anonymous_1)
FN:13,(anonymous_2)
FN:17,(anonymous_3)
FNF:3
FNH:3
FNDA:17,(anonymous_1)
FNDA:19,(anonymous_2)
FNDA:21,(anonymous_3)
DA:1,3
DA:2,3
DA:3,3
DA:4,3
DA:5,3
DA:6,3
DA:7,3
DA:8,3
DA:13,17
DA:14,19
DA:15,19
DA:17,17
DA:18,21
DA:19,21
DA:21,21
DA:23,21
DA:25,8
DA:26,8
DA:29,7
DA:30,7
DA:33,3
DA:34,3
DA:37,3
DA:38,3
DA:41,0
DA:44,21
LF:26
LH:25
BRDA:23,0,0,8
BRDA:23,0,1,7
BRDA:23,0,2,3
BRDA:23,0,3,3
BRDA:23,0,4,0
BRF:5
BRH:4
end_of_record
TN:
SF:lib\context.ts
FN:4,useVJSFContext
FNF:1
FNH:1
FNDA:6,useVJSFContext
DA:2,3
DA:3,3
DA:4,3
DA:6,6
DA:8,6
DA:9,0
DA:11,6
LF:7
LH:6
BRDA:8,0,0,0
BRF:1
BRH:0
end_of_record
TN:
SF:lib\index.ts
FNF:0
FNH:0
DA:1,3
DA:2,3
DA:3,3
DA:4,3
DA:5,3
DA:6,3
DA:8,3
DA:10,3
DA:11,3
LF:9
LH:9
BRF:0
BRH:0
end_of_record
TN:
SF:lib\theme.tsx
FN:18,(anonymous_0)
FN:19,(anonymous_1)
FN:22,(anonymous_2)
FN:26,getWidgets
FN:36,(anonymous_4)
FNF:5
FNH:5
FNDA:6,(anonymous_0)
FNDA:3,(anonymous_1)
FNDA:6,(anonymous_2)
FNDA:3,getWidgets
FNDA:3,(anonymous_4)
DA:1,3
DA:11,3
DA:13,3
DA:19,6
DA:21,6
DA:22,6
DA:26,3
DA:30,3
DA:31,3
DA:32,0
DA:36,3
DA:37,3
DA:39,3
DA:42,3
LF:14
LH:13
BRDA:22,0,0,6
BRDA:22,0,1,6
BRDA:31,1,0,0
BRF:3
BRH:2
end_of_record
TN:
SF:lib\type.ts
FN:3,(anonymous_0)
FN:108,(anonymous_1)
FN:112,(anonymous_2)
FNF:3
FNH:3
FNDA:3,(anonymous_0)
FNDA:3,(anonymous_1)
FNDA:3,(anonymous_2)
DA:3,3
DA:4,3
DA:5,3
DA:6,3
DA:7,3
DA:8,3
DA:9,3
DA:52,3
DA:73,3
DA:81,3
DA:108,3
DA:109,3
DA:112,3
DA:113,3
DA:114,3
LF:15
LH:15
BRDA:3,0,0,3
BRDA:3,0,1,3
BRDA:108,1,0,3
BRDA:108,1,1,3
BRDA:112,2,0,3
BRDA:112,2,1,3
BRF:6
BRH:6
end_of_record
TN:
SF:lib\utils.ts
FN:9,isObject
FN:13,isEmptyObject
FN:17,hasOwnProperty
FN:30,validateData
FN:40,resolveSchema
FN:49,(anonymous_6)
FN:59,retrieveSchema
FN:99,stubExistingAdditionalProperties
FN:110,(anonymous_9)
FN:151,resolveReference
FN:164,findSchemaDefinition
FN:183,resolveDependencies
FN:208,processDependencies
FN:250,withDependentProperties
FN:260,withDependentSchema
FN:281,(anonymous_16)
FN:295,withExactlyOneSubschema
FN:302,(anonymous_18)
FN:342,mergeSchemas
FN:344,(anonymous_20)
FN:376,getSchemaType
FN:393,(anonymous_22)
FN:425,guessType
FN:443,isConstant
FN:450,isSelect
FN:456,(anonymous_26)
FN:461,isMultiSelect
FN:469,getMatchingOption
FN:488,(anonymous_29)
FN:528,mergeDefaultsWithFormData
FN:533,(anonymous_31)
FN:541,(anonymous_32)
FN:553,getDefaultFormState
FNF:33
FNH:4
FNDA:27,isObject
FNDA:0,isEmptyObject
FNDA:57,hasOwnProperty
FNDA:0,validateData
FNDA:19,resolveSchema
FNDA:0,(anonymous_6)
FNDA:19,retrieveSchema
FNDA:0,stubExistingAdditionalProperties
FNDA:0,(anonymous_9)
FNDA:0,resolveReference
FNDA:0,findSchemaDefinition
FNDA:0,resolveDependencies
FNDA:0,processDependencies
FNDA:0,withDependentProperties
FNDA:0,withDependentSchema
FNDA:0,(anonymous_16)
FNDA:0,withExactlyOneSubschema
FNDA:0,(anonymous_18)
FNDA:0,mergeSchemas
FNDA:0,(anonymous_20)
FNDA:0,getSchemaType
FNDA:0,(anonymous_22)
FNDA:0,guessType
FNDA:0,isConstant
FNDA:0,isSelect
FNDA:0,(anonymous_26)
FNDA:0,isMultiSelect
FNDA:0,getMatchingOption
FNDA:0,(anonymous_29)
FNDA:0,mergeDefaultsWithFormData
FNDA:0,(anonymous_31)
FNDA:0,(anonymous_32)
FNDA:0,getDefaultFormState
DA:1,3
DA:5,3
DA:6,3
DA:7,3
DA:9,3
DA:10,27
DA:13,3
DA:14,0
DA:17,3
DA:22,57
DA:29,3
DA:30,3
DA:31,0
DA:32,0
DA:40,3
DA:41,19
DA:42,0
DA:43,19
DA:44,0
DA:45,0
DA:46,19
DA:47,0
DA:50,0
DA:55,19
DA:59,3
DA:64,19
DA:65,0
DA:67,19
DA:70,19
DA:71,0
DA:72,0
DA:78,0
DA:79,0
DA:80,0
DA:84,19
DA:86,19
DA:88,0
DA:94,19
DA:97,3
DA:99,3
DA:105,0
DA:110,0
DA:111,0
DA:113,0
DA:117,0
DA:118,0
DA:123,0
DA:124,0
DA:126,0
DA:130,0
DA:132,0
DA:135,0
DA:153,0
DA:155,0
DA:157,0
DA:164,3
DA:165,0
DA:166,0
DA:168,0
DA:170,0
DA:172,0
DA:173,0
DA:174,0
DA:176,0
DA:178,0
DA:180,0
DA:189,0
DA:190,0
DA:191,0
DA:195,0
DA:196,0
DA:201,0
DA:215,0
DA:217,0
DA:218,0
DA:221,0
DA:225,0
DA:228,0
DA:229,0
DA:230,0
DA:231,0
DA:232,0
DA:240,0
DA:247,0
DA:251,0
DA:252,0
DA:254,0
DA:257,0
DA:268,0
DA:273,0
DA:275,0
DA:276,0
DA:277,0
DA:278,0
DA:281,0
DA:282,0
DA:286,0
DA:302,0
DA:303,0
DA:304,0
DA:306,0
DA:307,0
DA:308,0
DA:315,0
DA:316,0
DA:319,0
DA:320,0
DA:323,0
DA:326,0
DA:328,0
DA:329,0
DA:330,0
DA:342,3
DA:343,0
DA:344,0
DA:345,0
DA:346,0
DA:347,0
DA:348,0
DA:349,0
DA:359,0
DA:361,0
DA:363,0
DA:376,3
DA:377,0
DA:379,0
DA:380,0
DA:383,0
DA:384,0
DA:387,0
DA:388,0
DA:391,0
DA:392,0
DA:393,0
DA:396,0
DA:425,3
DA:426,0
DA:427,0
DA:428,0
DA:429,0
DA:430,0
DA:431,0
DA:432,0
DA:433,0
DA:434,0
DA:435,0
DA:436,0
DA:437,0
DA:440,0
DA:443,3
DA:444,0
DA:450,3
DA:451,0
DA:452,0
DA:453,0
DA:454,0
DA:455,0
DA:456,0
DA:458,0
DA:461,3
DA:462,0
DA:463,0
DA:465,0
DA:469,3
DA:474,0
DA:475,0
DA:484,0
DA:487,0
DA:488,0
DA:496,0
DA:498,0
DA:500,0
DA:501,0
DA:504,0
DA:507,0
DA:509,0
DA:511,0
DA:516,0
DA:518,0
DA:519,0
DA:521,0
DA:522,0
DA:525,0
DA:528,3
DA:529,0
DA:530,0
DA:531,0
DA:533,0
DA:534,0
DA:535,0
DA:537,0
DA:539,0
DA:540,0
DA:541,0
DA:542,0
DA:546,0
DA:549,0
DA:553,3
DA:559,0
DA:560,0
DA:563,0
DA:572,0
DA:574,0
DA:576,0
DA:577,0
DA:579,0
DA:580,0
DA:582,0
LF:208
LH:35
BRDA:10,0,0,27
BRDA:10,0,1,27
BRDA:10,0,2,27
BRDA:14,1,0,0
BRDA:14,1,1,0
BRDA:40,2,0,0
BRDA:40,3,0,0
BRDA:41,4,0,0
BRDA:41,4,1,19
BRDA:43,5,0,0
BRDA:43,5,1,19
BRDA:46,6,0,0
BRDA:46,6,1,19
BRDA:46,7,0,19
BRDA:46,7,1,0
BRDA:61,8,0,0
BRDA:62,9,0,8
BRDA:64,10,0,0
BRDA:70,11,0,0
BRDA:84,12,0,19
BRDA:84,12,1,0
BRDA:86,13,0,0
BRDA:101,14,0,0
BRDA:102,15,0,0
BRDA:111,16,0,0
BRDA:117,17,0,0
BRDA:117,17,1,0
BRDA:123,18,0,0
BRDA:123,18,1,0
BRDA:164,19,0,0
BRDA:166,20,0,0
BRDA:166,20,1,0
BRDA:173,21,0,0
BRDA:176,22,0,0
BRDA:189,23,0,0
BRDA:190,24,0,0
BRDA:190,24,1,0
BRDA:195,25,0,0
BRDA:217,26,0,0
BRDA:221,27,0,0
BRDA:222,28,0,0
BRDA:222,28,1,0
BRDA:229,29,0,0
BRDA:229,29,1,0
BRDA:231,30,0,0
BRDA:251,31,0,0
BRDA:254,32,0,0
BRDA:254,32,1,0
BRDA:275,33,0,0
BRDA:275,33,1,0
BRDA:277,34,0,0
BRDA:282,35,0,0
BRDA:282,35,1,0
BRDA:303,36,0,0
BRDA:307,37,0,0
BRDA:316,38,0,0
BRDA:316,38,1,0
BRDA:319,39,0,0
BRDA:345,40,0,0
BRDA:345,40,1,0
BRDA:347,41,0,0
BRDA:347,41,1,0
BRDA:347,42,0,0
BRDA:347,42,1,0
BRDA:347,42,2,0
BRDA:349,43,0,0
BRDA:349,43,1,0
BRDA:350,44,0,0
BRDA:350,44,1,0
BRDA:350,44,2,0
BRDA:350,44,3,0
BRDA:350,44,4,0
BRDA:350,44,5,0
BRDA:350,44,6,0
BRDA:379,45,0,0
BRDA:379,46,0,0
BRDA:379,46,1,0
BRDA:383,47,0,0
BRDA:383,48,0,0
BRDA:383,48,1,0
BRDA:387,49,0,0
BRDA:387,50,0,0
BRDA:387,50,1,0
BRDA:387,50,2,0
BRDA:392,51,0,0
BRDA:392,52,0,0
BRDA:392,52,1,0
BRDA:392,52,2,0
BRDA:426,53,0,0
BRDA:426,53,1,0
BRDA:428,54,0,0
BRDA:428,54,1,0
BRDA:430,55,0,0
BRDA:430,55,1,0
BRDA:432,56,0,0
BRDA:432,56,1,0
BRDA:434,57,0,0
BRDA:434,57,1,0
BRDA:436,58,0,0
BRDA:445,59,0,0
BRDA:445,59,1,0
BRDA:445,59,2,0
BRDA:450,60,0,0
BRDA:452,61,0,0
BRDA:452,61,1,0
BRDA:453,62,0,0
BRDA:453,62,1,0
BRDA:455,63,0,0
BRDA:461,64,0,0
BRDA:462,65,0,0
BRDA:462,66,0,0
BRDA:462,66,1,0
BRDA:484,67,0,0
BRDA:484,67,1,0
BRDA:496,68,0,0
BRDA:496,68,1,0
BRDA:500,69,0,0
BRDA:500,69,1,0
BRDA:518,70,0,0
BRDA:521,71,0,0
BRDA:529,72,0,0
BRDA:529,72,1,0
BRDA:530,73,0,0
BRDA:534,74,0,0
BRDA:539,75,0,0
BRDA:539,75,1,0
BRDA:543,76,0,0
BRDA:543,76,1,0
BRDA:559,77,0,0
BRDA:572,78,0,0
BRDA:576,79,0,0
BRDA:576,80,0,0
BRDA:576,80,1,0
BRDA:579,81,0,0
BRDA:579,82,0,0
BRDA:579,82,1,0
BRDA:579,82,2,0
BRDA:582,83,0,0
BRDA:582,83,1,0
BRF:139
BRH:9
end_of_record
TN:
SF:lib\fields\ArrayField.tsx
FN:48,(anonymous_0)
FN:50,(anonymous_1)
FN:51,(anonymous_2)
FN:52,(anonymous_3)
FN:53,(anonymous_4)
FN:54,(anonymous_5)
FN:84,(anonymous_6)
FN:87,(anonymous_7)
FN:93,(anonymous_8)
FN:99,(anonymous_9)
FN:105,(anonymous_10)
FN:113,(anonymous_11)
FN:121,(anonymous_12)
FN:132,(anonymous_13)
FN:137,(anonymous_14)
FN:145,(anonymous_15)
FN:146,(anonymous_16)
FN:159,(anonymous_17)
FN:169,(anonymous_18)
FNF:19
FNH:8
FNDA:2,(anonymous_0)
FNDA:0,(anonymous_1)
FNDA:0,(anonymous_2)
FNDA:0,(anonymous_3)
FNDA:0,(anonymous_4)
FNDA:2,(anonymous_5)
FNDA:3,(anonymous_6)
FNDA:0,(anonymous_7)
FNDA:0,(anonymous_8)
FNDA:0,(anonymous_9)
FNDA:0,(anonymous_10)
FNDA:0,(anonymous_11)
FNDA:3,(anonymous_12)
FNDA:2,(anonymous_13)
FNDA:0,(anonymous_14)
FNDA:2,(anonymous_15)
FNDA:2,(anonymous_16)
FNDA:0,(anonymous_17)
FNDA:3,(anonymous_18)
DA:1,3
DA:2,3
DA:3,3
DA:4,3
DA:5,3
DA:7,3
DA:27,3
DA:49,2
DA:50,2
DA:51,2
DA:52,2
DA:53,2
DA:54,2
DA:55,2
DA:56,2
DA:81,3
DA:85,3
DA:86,3
DA:87,3
DA:88,0
DA:89,0
DA:90,0
DA:91,0
DA:93,3
DA:94,0
DA:95,0
DA:96,0
DA:97,0
DA:99,3
DA:100,0
DA:101,0
DA:102,0
DA:103,0
DA:105,3
DA:106,0
DA:107,0
DA:108,0
DA:109,0
DA:110,0
DA:111,0
DA:113,3
DA:114,0
DA:115,0
DA:116,0
DA:117,0
DA:118,0
DA:119,0
DA:121,3
DA:122,3
DA:123,3
DA:124,3
DA:126,3
DA:128,3
DA:129,3
DA:130,1
DA:131,1
DA:132,2
DA:138,0
DA:142,2
DA:144,1
DA:145,1
DA:146,4
DA:160,0
DA:168,1
DA:169,3
DA:173,1
LF:66
LH:40
BRDA:74,0,0,2
BRDA:74,0,1,2
BRDA:89,1,0,0
BRDA:89,1,1,0
BRDA:95,2,0,0
BRDA:95,2,1,0
BRDA:101,3,0,0
BRDA:101,3,1,0
BRDA:106,4,0,0
BRDA:108,5,0,0
BRDA:108,5,1,0
BRDA:115,6,0,0
BRDA:115,6,1,0
BRDA:116,7,0,0
BRDA:126,8,0,3
BRDA:126,8,1,3
BRDA:129,9,0,1
BRDA:129,9,1,2
BRDA:131,10,0,1
BRDA:131,10,1,0
BRDA:142,11,0,1
BRDA:142,11,1,1
BRDA:144,12,0,1
BRDA:144,12,1,0
BRF:24
BRH:10
end_of_record
TN:
SF:lib\fields\NumberField.tsx
FN:7,(anonymous_0)
FN:8,(anonymous_1)
FN:17,(anonymous_2)
FNF:3
FNH:3
FNDA:5,(anonymous_0)
FNDA:1,(anonymous_1)
FNDA:7,(anonymous_2)
DA:1,3
DA:2,3
DA:4,3
DA:8,5
DA:9,1
DA:10,1
DA:11,1
DA:12,0
DA:14,1
DA:17,5
DA:18,7
DA:19,7
LF:12
LH:11
BRDA:11,0,0,0
BRDA:11,0,1,1
BRF:2
BRH:1
end_of_record
TN:
SF:lib\fields\ObjectField.tsx
FN:9,(anonymous_0)
FN:12,(anonymous_1)
FN:21,(anonymous_2)
FN:27,(anonymous_3)
FN:33,(anonymous_4)
FNF:5
FNH:5
FNDA:3,(anonymous_0)
FNDA:3,(anonymous_1)
FNDA:5,(anonymous_2)
FNDA:10,(anonymous_3)
FNDA:3,(anonymous_4)
DA:1,3
DA:2,3
DA:3,3
DA:4,3
DA:6,3
DA:11,3
DA:12,3
DA:13,3
DA:14,3
DA:15,1
DA:17,2
DA:19,3
DA:21,3
DA:22,5
DA:23,5
DA:24,5
DA:25,5
DA:27,10
DA:33,3
LF:19
LH:19
BRDA:13,0,0,3
BRDA:13,0,1,0
BRDA:14,1,0,1
BRDA:14,1,1,2
BRDA:24,2,0,5
BRDA:24,2,1,0
BRDA:25,3,0,5
BRDA:25,3,1,0
BRF:8
BRH:5
end_of_record
TN:
SF:lib\fields\StringField.tsx
FN:7,(anonymous_0)
FN:8,(anonymous_1)
FN:12,(anonymous_2)
FNF:3
FNH:2
FNDA:6,(anonymous_0)
FNDA:0,(anonymous_1)
FNDA:8,(anonymous_2)
DA:1,3
DA:2,3
DA:4,3
DA:8,6
DA:9,0
DA:10,0
DA:12,6
DA:13,8
DA:14,8
LF:9
LH:7
BRF:0
BRH:0
end_of_record
TN:
SF:lib\theme-default\index.tsx
FN:7,(anonymous_1)
FN:8,(anonymous_2)
FNF:2
FNH:0
FNDA:0,(anonymous_1)
FNDA:0,(anonymous_2)
DA:1,2
DA:2,2
DA:3,2
DA:5,2
DA:8,0
DA:12,2
LF:6
LH:5
BRF:0
BRH:0
end_of_record
TN:
SF:lib\theme-default\selection.tsx
FN:7,(anonymous_0)
FN:11,(anonymous_1)
FN:17,(anonymous_2)
FN:18,(anonymous_3)
FN:24,(anonymous_4)
FN:26,(anonymous_5)
FN:28,(anonymous_6)
FNF:7
FNH:4
FNDA:1,(anonymous_0)
FNDA:0,(anonymous_1)
FNDA:1,(anonymous_2)
FNDA:0,(anonymous_3)
FNDA:1,(anonymous_4)
FNDA:0,(anonymous_5)
FNDA:3,(anonymous_6)
DA:1,3
DA:2,3
DA:4,3
DA:9,1
DA:11,1
DA:12,0
DA:13,0
DA:16,1
DA:17,1
DA:19,0
DA:20,0
DA:24,1
DA:25,1
DA:26,1
DA:27,0
DA:28,3
DA:37,3
LF:17
LH:12
BRDA:12,0,0,0
BRDA:19,1,0,0
BRF:2
BRH:0
end_of_record
TN:
SF:tests\unit\utils\TestCompoenent.tsx
FN:20,(anonymous_7)
FN:21,(anonymous_8)
FNF:2
FNH:2
FNDA:6,(anonymous_7)
FNDA:12,(anonymous_8)
DA:1,2
DA:2,2
DA:3,2
DA:5,2
DA:21,12
LF:5
LH:5
BRF:0
BRH:0
end_of_record
